12032 silly rollbackFailedOptional Finishing
12033 silly runTopLevelLifecycles Finishing
12034 silly install printInstalled
12035 warn optional SKIPPING OPTIONAL DEPENDENCY: fsevents@^1.0.0 (node_modules\chokidar\node_modules\fsevents):
12036 warn notsup SKIPPING OPTIONAL DEPENDENCY: Unsupported platform for fsevents@1.0.15: wanted {"os":"darwin","arch":"any"} (current: {"os":"win32","arch":"ia32"})
12037 verbose notsup SKIPPING OPTIONAL DEPENDENCY: Valid OS:    darwin
12037 verbose notsup SKIPPING OPTIONAL DEPENDENCY: Valid Arch:  any
12037 verbose notsup SKIPPING OPTIONAL DEPENDENCY: Actual OS:   win32
12037 verbose notsup SKIPPING OPTIONAL DEPENDENCY: Actual Arch: ia32
12038 warn optional SKIPPING OPTIONAL DEPENDENCY: node-sass@3.13.1 (node_modules\node-sass):
12039 warn optional SKIPPING OPTIONAL DEPENDENCY: node-sass@3.13.1 install: `node scripts/install.js`
12039 warn optional SKIPPING OPTIONAL DEPENDENCY: Exit status -4058
12040 verbose optional SKIPPING OPTIONAL DEPENDENCY:
12040 verbose optional Failed at the node-sass@3.13.1 install script 'node scripts/install.js'.
12040 verbose optional SKIPPING OPTIONAL DEPENDENCY: Make sure you have the latest version of node.js and npm installed.
12040 verbose optional SKIPPING OPTIONAL DEPENDENCY: If you do, this is most likely a problem with the node-sass package,
12040 verbose optional SKIPPING OPTIONAL DEPENDENCY: not with npm itself.
12040 verbose optional SKIPPING OPTIONAL DEPENDENCY: Tell the author that this fails on your system:
12040 verbose optional SKIPPING OPTIONAL DEPENDENCY:     node scripts/install.js
12040 verbose optional SKIPPING OPTIONAL DEPENDENCY: You can get information on how to open an issue for this project with:
12040 verbose optional SKIPPING OPTIONAL DEPENDENCY:     npm bugs node-sass
12040 verbose optional SKIPPING OPTIONAL DEPENDENCY: Or if that isn't available, you can get their info via:
12040 verbose optional SKIPPING OPTIONAL DEPENDENCY:     npm owner ls node-sass
12040 verbose optional SKIPPING OPTIONAL DEPENDENCY: There is likely additional logging output above.
12041 verbose stack Error: node-sass@3.13.1 install: `node scripts/install.js`
12041 verbose stack spawn C:\Windows\system32\cmd.exe;C:\Program Files\7-Zip-ZStandard ENOENT
12041 verbose stack     at exports._errnoException (util.js:1026:11)
12041 verbose stack     at Process.ChildProcess._handle.onexit (internal/child_process.js:193:32)
12041 verbose stack     at onErrorNT (internal/child_process.js:359:16)
12041 verbose stack     at _combinedTickCallback (internal/process/next_tick.js:74:11)
12041 verbose stack     at process._tickCallback (internal/process/next_tick.js:98:9)
12042 verbose pkgid node-sass@3.13.1
12043 verbose cwd D:\xampp\htdocs\restaurant
12044 error Windows_NT 6.1.7600
12045 error argv "C:\\Program Files\\nodejs\\node.exe" "C:\\Program Files\\nodejs\\node_modules\\npm\\bin\\npm-cli.js" "install"
12046 error node v7.0.0
12047 error npm  v3.10.8
12048 error file C:\Windows\system32\cmd.exe;C:\Program Files\7-Zip-ZStandard
12049 error path C:\Windows\system32\cmd.exe;C:\Program Files\7-Zip-ZStandard
12050 error code ELIFECYCLE
12051 error errno ENOENT
12052 error syscall spawn C:\Windows\system32\cmd.exe;C:\Program Files\7-Zip-ZStandard
12053 error node-sass@3.13.1 install: `node scripts/install.js`
12053 error spawn C:\Windows\system32\cmd.exe;C:\Program Files\7-Zip-ZStandard ENOENT
12054 error Failed at the node-sass@3.13.1 install script 'node scripts/install.js'.
12054 error Make sure you have the latest version of node.js and npm installed.
12054 error If you do, this is most likely a problem with the node-sass package,
12054 error not with npm itself.
12054 error Tell the author that this fails on your system:
12054 error     node scripts/install.js
12054 error You can get information on how to open an issue for this project with:
12054 error     npm bugs node-sass
12054 error Or if that isn't available, you can get their info via:
12054 error     npm owner ls node-sass
12054 error There is likely additional logging output above.
12055 verbose exit [ 1, true ]
